{"/Users/williammoreiradasilva/stone-challenge/prisma/prisma-client.ts": {"path":"/Users/williammoreiradasilva/stone-challenge/prisma/prisma-client.ts","statementMap":{"0":{"start":{"line":1,"column":0},"end":{"line":1,"column":54}},"1":{"start":{"line":3,"column":25},"end":{"line":3,"column":54}},"2":{"start":{"line":6,"column":23},"end":{"line":6,"column":41}},"3":{"start":{"line":8,"column":4},"end":{"line":11,"column":5}},"4":{"start":{"line":13,"column":4},"end":{"line":13,"column":null}},"5":{"start":{"line":17,"column":0},"end":{"line":17,"column":null}}},"fnMap":{"0":{"name":"gen_prisma_client","decl":{"start":{"line":5,"column":9},"end":{"line":5,"column":26}},"loc":{"start":{"line":5,"column":26},"end":{"line":14,"column":1}}}},"branchMap":{"0":{"loc":{"start":{"line":3,"column":25},"end":{"line":3,"column":54}},"type":"binary-expr","locations":[{"start":{"line":3,"column":25},"end":{"line":3,"column":45}},{"start":{"line":3,"column":49},"end":{"line":3,"column":54}}]},"1":{"loc":{"start":{"line":8,"column":4},"end":{"line":11,"column":5}},"type":"if","locations":[{"start":{"line":8,"column":4},"end":{"line":11,"column":5}}]}},"s":{"0":6,"1":6,"2":6,"3":6,"4":6,"5":6},"f":{"0":6},"b":{"0":[6,0],"1":[6]}}
,"/Users/williammoreiradasilva/stone-challenge/src/domain/entity/product/product.ts": {"path":"/Users/williammoreiradasilva/stone-challenge/src/domain/entity/product/product.ts","statementMap":{"0":{"start":{"line":12,"column":32},"end":{"line":12,"column":51}},"1":{"start":{"line":22,"column":8},"end":{"line":30,"column":null}},"2":{"start":{"line":34,"column":8},"end":{"line":34,"column":null}},"3":{"start":{"line":38,"column":36},"end":{"line":38,"column":38}},"4":{"start":{"line":40,"column":8},"end":{"line":44,"column":9}},"5":{"start":{"line":41,"column":28},"end":{"line":41,"column":47}},"6":{"start":{"line":43,"column":12},"end":{"line":43,"column":null}},"7":{"start":{"line":46,"column":8},"end":{"line":46,"column":null}},"8":{"start":{"line":50,"column":8},"end":{"line":50,"column":null}},"9":{"start":{"line":54,"column":8},"end":{"line":54,"column":null}},"10":{"start":{"line":58,"column":8},"end":{"line":58,"column":null}},"11":{"start":{"line":61,"column":8},"end":{"line":61,"column":null}},"12":{"start":{"line":64,"column":8},"end":{"line":64,"column":null}},"13":{"start":{"line":67,"column":8},"end":{"line":67,"column":null}},"14":{"start":{"line":70,"column":8},"end":{"line":70,"column":null}},"15":{"start":{"line":11,"column":0},"end":{"line":11,"column":13}}},"fnMap":{"0":{"name":"(anonymous_0)","decl":{"start":{"line":12,"column":4},"end":{"line":12,"column":32}},"loc":{"start":{"line":12,"column":51},"end":{"line":12,"column":56}}},"1":{"name":"(anonymous_1)","decl":{"start":{"line":14,"column":11},"end":{"line":14,"column":17}},"loc":{"start":{"line":20,"column":20},"end":{"line":31,"column":5}}},"2":{"name":"(anonymous_2)","decl":{"start":{"line":33,"column":11},"end":{"line":33,"column":17}},"loc":{"start":{"line":33,"column":42},"end":{"line":35,"column":5}}},"3":{"name":"(anonymous_3)","decl":{"start":{"line":37,"column":11},"end":{"line":37,"column":17}},"loc":{"start":{"line":37,"column":42},"end":{"line":47,"column":5}}},"4":{"name":"(anonymous_4)","decl":{"start":{"line":49,"column":4},"end":{"line":49,"column":15}},"loc":{"start":{"line":49,"column":17},"end":{"line":51,"column":5}}},"5":{"name":"(anonymous_5)","decl":{"start":{"line":53,"column":4},"end":{"line":53,"column":15}},"loc":{"start":{"line":53,"column":20},"end":{"line":55,"column":5}}},"6":{"name":"(anonymous_6)","decl":{"start":{"line":57,"column":4},"end":{"line":57,"column":15}},"loc":{"start":{"line":57,"column":20},"end":{"line":59,"column":5}}},"7":{"name":"(anonymous_7)","decl":{"start":{"line":60,"column":4},"end":{"line":60,"column":15}},"loc":{"start":{"line":60,"column":22},"end":{"line":62,"column":5}}},"8":{"name":"(anonymous_8)","decl":{"start":{"line":63,"column":4},"end":{"line":63,"column":15}},"loc":{"start":{"line":63,"column":21},"end":{"line":65,"column":5}}},"9":{"name":"(anonymous_9)","decl":{"start":{"line":66,"column":4},"end":{"line":66,"column":15}},"loc":{"start":{"line":66,"column":26},"end":{"line":68,"column":5}}},"10":{"name":"(anonymous_10)","decl":{"start":{"line":69,"column":4},"end":{"line":69,"column":15}},"loc":{"start":{"line":69,"column":19},"end":{"line":71,"column":5}}}},"branchMap":{},"s":{"0":8,"1":2,"2":6,"3":2,"4":2,"5":4,"6":4,"7":2,"8":3,"9":4,"10":4,"11":4,"12":4,"13":4,"14":4,"15":3},"f":{"0":8,"1":2,"2":6,"3":2,"4":3,"5":4,"6":4,"7":4,"8":4,"9":4,"10":4},"b":{}}
,"/Users/williammoreiradasilva/stone-challenge/src/domain/entity/transaction/credit-card.ts": {"path":"/Users/williammoreiradasilva/stone-challenge/src/domain/entity/transaction/credit-card.ts","statementMap":{"0":{"start":{"line":12,"column":32},"end":{"line":12,"column":54}},"1":{"start":{"line":21,"column":8},"end":{"line":28,"column":null}},"2":{"start":{"line":32,"column":8},"end":{"line":32,"column":null}},"3":{"start":{"line":36,"column":43},"end":{"line":36,"column":45}},"4":{"start":{"line":38,"column":8},"end":{"line":42,"column":9}},"5":{"start":{"line":39,"column":32},"end":{"line":39,"column":54}},"6":{"start":{"line":41,"column":12},"end":{"line":41,"column":null}},"7":{"start":{"line":44,"column":8},"end":{"line":44,"column":null}},"8":{"start":{"line":49,"column":8},"end":{"line":49,"column":null}},"9":{"start":{"line":52,"column":8},"end":{"line":52,"column":null}},"10":{"start":{"line":55,"column":8},"end":{"line":55,"column":null}},"11":{"start":{"line":58,"column":8},"end":{"line":58,"column":null}},"12":{"start":{"line":61,"column":8},"end":{"line":61,"column":null}},"13":{"start":{"line":11,"column":0},"end":{"line":11,"column":13}}},"fnMap":{"0":{"name":"(anonymous_0)","decl":{"start":{"line":12,"column":4},"end":{"line":12,"column":32}},"loc":{"start":{"line":12,"column":54},"end":{"line":12,"column":59}}},"1":{"name":"(anonymous_1)","decl":{"start":{"line":14,"column":11},"end":{"line":14,"column":17}},"loc":{"start":{"line":19,"column":23},"end":{"line":29,"column":5}}},"2":{"name":"(anonymous_2)","decl":{"start":{"line":31,"column":11},"end":{"line":31,"column":17}},"loc":{"start":{"line":31,"column":45},"end":{"line":33,"column":5}}},"3":{"name":"(anonymous_3)","decl":{"start":{"line":35,"column":11},"end":{"line":35,"column":17}},"loc":{"start":{"line":35,"column":42},"end":{"line":45,"column":5}}},"4":{"name":"(anonymous_4)","decl":{"start":{"line":48,"column":4},"end":{"line":48,"column":15}},"loc":{"start":{"line":48,"column":25},"end":{"line":50,"column":5}}},"5":{"name":"(anonymous_5)","decl":{"start":{"line":51,"column":4},"end":{"line":51,"column":15}},"loc":{"start":{"line":51,"column":29},"end":{"line":53,"column":5}}},"6":{"name":"(anonymous_6)","decl":{"start":{"line":54,"column":4},"end":{"line":54,"column":15}},"loc":{"start":{"line":54,"column":20},"end":{"line":56,"column":5}}},"7":{"name":"(anonymous_7)","decl":{"start":{"line":57,"column":4},"end":{"line":57,"column":15}},"loc":{"start":{"line":57,"column":18},"end":{"line":59,"column":5}}},"8":{"name":"(anonymous_8)","decl":{"start":{"line":60,"column":4},"end":{"line":60,"column":15}},"loc":{"start":{"line":60,"column":22},"end":{"line":62,"column":5}}}},"branchMap":{},"s":{"0":3,"1":3,"2":0,"3":0,"4":0,"5":0,"6":0,"7":0,"8":3,"9":1,"10":1,"11":1,"12":1,"13":4},"f":{"0":3,"1":3,"2":0,"3":0,"4":3,"5":1,"6":1,"7":1,"8":1},"b":{}}
,"/Users/williammoreiradasilva/stone-challenge/src/domain/entity/transaction/transaction.ts": {"path":"/Users/williammoreiradasilva/stone-challenge/src/domain/entity/transaction/transaction.ts","statementMap":{"0":{"start":{"line":13,"column":32},"end":{"line":13,"column":55}},"1":{"start":{"line":21,"column":8},"end":{"line":28,"column":null}},"2":{"start":{"line":32,"column":27},"end":{"line":32,"column":57}},"3":{"start":{"line":33,"column":8},"end":{"line":33,"column":null}},"4":{"start":{"line":37,"column":44},"end":{"line":37,"column":46}},"5":{"start":{"line":39,"column":8},"end":{"line":43,"column":9}},"6":{"start":{"line":40,"column":32},"end":{"line":40,"column":55}},"7":{"start":{"line":42,"column":12},"end":{"line":42,"column":null}},"8":{"start":{"line":45,"column":8},"end":{"line":45,"column":null}},"9":{"start":{"line":49,"column":8},"end":{"line":49,"column":83}},"10":{"start":{"line":53,"column":44},"end":{"line":53,"column":46}},"11":{"start":{"line":55,"column":8},"end":{"line":61,"column":9}},"12":{"start":{"line":56,"column":26},"end":{"line":56,"column":66}},"13":{"start":{"line":58,"column":32},"end":{"line":58,"column":55}},"14":{"start":{"line":60,"column":12},"end":{"line":60,"column":null}},"15":{"start":{"line":63,"column":8},"end":{"line":63,"column":null}},"16":{"start":{"line":67,"column":8},"end":{"line":67,"column":null}},"17":{"start":{"line":71,"column":8},"end":{"line":71,"column":null}},"18":{"start":{"line":75,"column":8},"end":{"line":75,"column":null}},"19":{"start":{"line":79,"column":8},"end":{"line":79,"column":null}},"20":{"start":{"line":83,"column":8},"end":{"line":83,"column":null}},"21":{"start":{"line":87,"column":8},"end":{"line":87,"column":null}},"22":{"start":{"line":12,"column":0},"end":{"line":12,"column":13}}},"fnMap":{"0":{"name":"(anonymous_0)","decl":{"start":{"line":13,"column":4},"end":{"line":13,"column":32}},"loc":{"start":{"line":13,"column":55},"end":{"line":13,"column":60}}},"1":{"name":"(anonymous_1)","decl":{"start":{"line":15,"column":11},"end":{"line":15,"column":17}},"loc":{"start":{"line":19,"column":30},"end":{"line":29,"column":5}}},"2":{"name":"(anonymous_2)","decl":{"start":{"line":31,"column":11},"end":{"line":31,"column":17}},"loc":{"start":{"line":31,"column":46},"end":{"line":34,"column":5}}},"3":{"name":"(anonymous_3)","decl":{"start":{"line":36,"column":11},"end":{"line":36,"column":17}},"loc":{"start":{"line":36,"column":42},"end":{"line":46,"column":5}}},"4":{"name":"(anonymous_4)","decl":{"start":{"line":48,"column":11},"end":{"line":48,"column":17}},"loc":{"start":{"line":48,"column":57},"end":{"line":50,"column":5}}},"5":{"name":"(anonymous_5)","decl":{"start":{"line":52,"column":11},"end":{"line":52,"column":17}},"loc":{"start":{"line":52,"column":45},"end":{"line":64,"column":5}}},"6":{"name":"(anonymous_6)","decl":{"start":{"line":66,"column":4},"end":{"line":66,"column":15}},"loc":{"start":{"line":66,"column":17},"end":{"line":68,"column":5}}},"7":{"name":"(anonymous_7)","decl":{"start":{"line":70,"column":4},"end":{"line":70,"column":15}},"loc":{"start":{"line":70,"column":23},"end":{"line":72,"column":5}}},"8":{"name":"(anonymous_8)","decl":{"start":{"line":74,"column":4},"end":{"line":74,"column":15}},"loc":{"start":{"line":74,"column":25},"end":{"line":76,"column":5}}},"9":{"name":"(anonymous_9)","decl":{"start":{"line":78,"column":4},"end":{"line":78,"column":15}},"loc":{"start":{"line":78,"column":25},"end":{"line":80,"column":5}}},"10":{"name":"(anonymous_10)","decl":{"start":{"line":82,"column":4},"end":{"line":82,"column":15}},"loc":{"start":{"line":82,"column":19},"end":{"line":84,"column":5}}},"11":{"name":"(anonymous_11)","decl":{"start":{"line":86,"column":4},"end":{"line":86,"column":15}},"loc":{"start":{"line":86,"column":25},"end":{"line":88,"column":5}}}},"branchMap":{},"s":{"0":10,"1":2,"2":8,"3":8,"4":0,"5":0,"6":0,"7":0,"8":0,"9":8,"10":3,"11":3,"12":8,"13":8,"14":8,"15":3,"16":9,"17":12,"18":5,"19":11,"20":8,"21":10,"22":3},"f":{"0":10,"1":2,"2":8,"3":0,"4":8,"5":3,"6":9,"7":12,"8":5,"9":11,"10":8,"11":10},"b":{}}
,"/Users/williammoreiradasilva/stone-challenge/src/domain/entity/user/user.ts": {"path":"/Users/williammoreiradasilva/stone-challenge/src/domain/entity/user/user.ts","statementMap":{"0":{"start":{"line":1,"column":0},"end":{"line":1,"column":63}},"1":{"start":{"line":13,"column":20},"end":{"line":13,"column":138}},"2":{"start":{"line":17,"column":32},"end":{"line":17,"column":48}},"3":{"start":{"line":18,"column":8},"end":{"line":18,"column":null}},"4":{"start":{"line":27,"column":8},"end":{"line":33,"column":null}},"5":{"start":{"line":38,"column":8},"end":{"line":38,"column":null}},"6":{"start":{"line":42,"column":8},"end":{"line":44,"column":9}},"7":{"start":{"line":43,"column":12},"end":{"line":43,"column":null}},"8":{"start":{"line":49,"column":8},"end":{"line":49,"column":null}},"9":{"start":{"line":53,"column":8},"end":{"line":53,"column":null}},"10":{"start":{"line":57,"column":8},"end":{"line":57,"column":null}},"11":{"start":{"line":61,"column":8},"end":{"line":61,"column":null}},"12":{"start":{"line":65,"column":8},"end":{"line":65,"column":null}},"13":{"start":{"line":15,"column":0},"end":{"line":15,"column":13}}},"fnMap":{"0":{"name":"(anonymous_0)","decl":{"start":{"line":17,"column":4},"end":{"line":17,"column":32}},"loc":{"start":{"line":17,"column":48},"end":{"line":19,"column":5}}},"1":{"name":"(anonymous_1)","decl":{"start":{"line":21,"column":11},"end":{"line":21,"column":17}},"loc":{"start":{"line":25,"column":18},"end":{"line":35,"column":5}}},"2":{"name":"(anonymous_2)","decl":{"start":{"line":37,"column":11},"end":{"line":37,"column":17}},"loc":{"start":{"line":37,"column":39},"end":{"line":39,"column":5}}},"3":{"name":"(anonymous_3)","decl":{"start":{"line":41,"column":12},"end":{"line":41,"column":20}},"loc":{"start":{"line":41,"column":20},"end":{"line":46,"column":5}}},"4":{"name":"(anonymous_4)","decl":{"start":{"line":48,"column":4},"end":{"line":48,"column":15}},"loc":{"start":{"line":48,"column":17},"end":{"line":50,"column":5}}},"5":{"name":"(anonymous_5)","decl":{"start":{"line":52,"column":4},"end":{"line":52,"column":15}},"loc":{"start":{"line":52,"column":20},"end":{"line":54,"column":5}}},"6":{"name":"(anonymous_6)","decl":{"start":{"line":56,"column":4},"end":{"line":56,"column":15}},"loc":{"start":{"line":56,"column":19},"end":{"line":58,"column":5}}},"7":{"name":"(anonymous_7)","decl":{"start":{"line":60,"column":4},"end":{"line":60,"column":15}},"loc":{"start":{"line":60,"column":23},"end":{"line":62,"column":5}}},"8":{"name":"(anonymous_8)","decl":{"start":{"line":64,"column":4},"end":{"line":64,"column":15}},"loc":{"start":{"line":64,"column":19},"end":{"line":66,"column":5}}}},"branchMap":{"0":{"loc":{"start":{"line":42,"column":8},"end":{"line":44,"column":9}},"type":"if","locations":[{"start":{"line":42,"column":8},"end":{"line":44,"column":9}}]},"1":{"loc":{"start":{"line":42,"column":12},"end":{"line":42,"column":80}},"type":"binary-expr","locations":[{"start":{"line":42,"column":12},"end":{"line":42,"column":41}},{"start":{"line":42,"column":45},"end":{"line":42,"column":80}}]}},"s":{"0":3,"1":3,"2":9,"3":9,"4":6,"5":3,"6":9,"7":2,"8":5,"9":6,"10":2,"11":3,"12":6,"13":3},"f":{"0":9,"1":6,"2":3,"3":9,"4":5,"5":6,"6":2,"7":3,"8":6},"b":{"0":[2],"1":[9,9]}}
,"/Users/williammoreiradasilva/stone-challenge/src/domain/exceptions/InvalidEntity.ts": {"path":"/Users/williammoreiradasilva/stone-challenge/src/domain/exceptions/InvalidEntity.ts","statementMap":{"0":{"start":{"line":3,"column":8},"end":{"line":3,"column":null}},"1":{"start":{"line":2,"column":23},"end":{"line":2,"column":38}},"2":{"start":{"line":4,"column":8},"end":{"line":4,"column":61}},"3":{"start":{"line":1,"column":0},"end":{"line":1,"column":13}}},"fnMap":{"0":{"name":"(anonymous_0)","decl":{"start":{"line":2,"column":4},"end":{"line":2,"column":23}},"loc":{"start":{"line":2,"column":38},"end":{"line":5,"column":5}}}},"branchMap":{},"s":{"0":2,"1":2,"2":2,"3":3},"f":{"0":2},"b":{}}
,"/Users/williammoreiradasilva/stone-challenge/src/helper/function.ts": {"path":"/Users/williammoreiradasilva/stone-challenge/src/helper/function.ts","statementMap":{"0":{"start":{"line":1,"column":23},"end":{"line":1,"column":null}},"1":{"start":{"line":1,"column":37},"end":{"line":1,"column":null}},"2":{"start":{"line":1,"column":13},"end":{"line":1,"column":23}}},"fnMap":{"0":{"name":"(anonymous_0)","decl":{"start":{"line":1,"column":23},"end":{"line":1,"column":24}},"loc":{"start":{"line":1,"column":37},"end":{"line":1,"column":null}}}},"branchMap":{"0":{"loc":{"start":{"line":1,"column":37},"end":{"line":1,"column":null}},"type":"binary-expr","locations":[{"start":{"line":1,"column":37},"end":{"line":1,"column":70}},{"start":{"line":1,"column":74},"end":{"line":1,"column":90}},{"start":{"line":1,"column":90},"end":{"line":1,"column":null}}]},"1":{"loc":{"start":{"line":1,"column":53},"end":{"line":1,"column":62}},"type":"binary-expr","locations":[{"start":{"line":1,"column":53},"end":{"line":1,"column":56}},{"start":{"line":1,"column":60},"end":{"line":1,"column":62}}]},"2":{"loc":{"start":{"line":1,"column":75},"end":{"line":1,"column":86}},"type":"cond-expr","locations":[{"start":{"line":1,"column":78},"end":{"line":1,"column":80}},{"start":{"line":1,"column":75},"end":{"line":1,"column":86}}]},"3":{"loc":{"start":{"line":1,"column":75},"end":{"line":1,"column":80}},"type":"binary-expr","locations":[{"start":{"line":1,"column":75},"end":{"line":1,"column":80}},{"start":{"line":1,"column":75},"end":{"line":1,"column":80}}]},"4":{"loc":{"start":{"line":1,"column":91},"end":{"line":1,"column":100}},"type":"cond-expr","locations":[{"start":{"line":1,"column":94},"end":{"line":1,"column":96}},{"start":{"line":1,"column":91},"end":{"line":1,"column":100}}]},"5":{"loc":{"start":{"line":1,"column":91},"end":{"line":1,"column":96}},"type":"binary-expr","locations":[{"start":{"line":1,"column":91},"end":{"line":1,"column":96}},{"start":{"line":1,"column":91},"end":{"line":1,"column":96}}]}},"s":{"0":1,"1":2,"2":1},"f":{"0":2},"b":{"0":[2,1,1],"1":[2,1],"2":[1,0],"3":[1,1],"4":[1,0],"5":[1,1]}}
,"/Users/williammoreiradasilva/stone-challenge/src/infra/repository/prisma/product/product-repository.ts": {"path":"/Users/williammoreiradasilva/stone-challenge/src/infra/repository/prisma/product/product-repository.ts","statementMap":{"0":{"start":{"line":7,"column":0},"end":{"line":7,"column":68}},"1":{"start":{"line":11,"column":41},"end":{"line":11,"column":67}},"2":{"start":{"line":15,"column":8},"end":{"line":15,"column":null}},"3":{"start":{"line":19,"column":21},"end":{"line":26,"column":null}},"4":{"start":{"line":28,"column":8},"end":{"line":28,"column":null}},"5":{"start":{"line":32,"column":25},"end":{"line":32,"column":69}},"6":{"start":{"line":34,"column":8},"end":{"line":34,"column":null}},"7":{"start":{"line":10,"column":0},"end":{"line":10,"column":13}}},"fnMap":{"0":{"name":"(anonymous_7)","decl":{"start":{"line":11,"column":4},"end":{"line":11,"column":41}},"loc":{"start":{"line":11,"column":67},"end":{"line":12,"column":9}}},"1":{"name":"(anonymous_8)","decl":{"start":{"line":14,"column":11},"end":{"line":14,"column":17}},"loc":{"start":{"line":14,"column":51},"end":{"line":16,"column":5}}},"2":{"name":"(anonymous_9)","decl":{"start":{"line":18,"column":17},"end":{"line":18,"column":21}},"loc":{"start":{"line":18,"column":38},"end":{"line":29,"column":null}}},"3":{"name":"(anonymous_11)","decl":{"start":{"line":31,"column":17},"end":{"line":31,"column":22}},"loc":{"start":{"line":31,"column":22},"end":{"line":35,"column":null}}}},"branchMap":{},"s":{"0":2,"1":2,"2":2,"3":1,"4":1,"5":1,"6":1,"7":2},"f":{"0":2,"1":2,"2":1,"3":1},"b":{}}
,"/Users/williammoreiradasilva/stone-challenge/src/infra/repository/prisma/transaction/transaction-repository.ts": {"path":"/Users/williammoreiradasilva/stone-challenge/src/infra/repository/prisma/transaction/transaction-repository.ts","statementMap":{"0":{"start":{"line":3,"column":0},"end":{"line":3,"column":80}},"1":{"start":{"line":5,"column":0},"end":{"line":5,"column":79}},"2":{"start":{"line":10,"column":41},"end":{"line":10,"column":67}},"3":{"start":{"line":11,"column":25},"end":{"line":11,"column":55}},"4":{"start":{"line":15,"column":8},"end":{"line":15,"column":null}},"5":{"start":{"line":19,"column":21},"end":{"line":25,"column":null}},"6":{"start":{"line":27,"column":8},"end":{"line":27,"column":null}},"7":{"start":{"line":28,"column":8},"end":{"line":28,"column":null}},"8":{"start":{"line":32,"column":27},"end":{"line":32,"column":58}},"9":{"start":{"line":34,"column":8},"end":{"line":37,"column":9}},"10":{"start":{"line":35,"column":33},"end":{"line":35,"column":81}},"11":{"start":{"line":36,"column":12},"end":{"line":36,"column":null}},"12":{"start":{"line":39,"column":8},"end":{"line":39,"column":null}},"13":{"start":{"line":43,"column":27},"end":{"line":43,"column":68}},"14":{"start":{"line":45,"column":8},"end":{"line":53,"column":9}},"15":{"start":{"line":46,"column":33},"end":{"line":50,"column":14}},"16":{"start":{"line":52,"column":12},"end":{"line":52,"column":null}},"17":{"start":{"line":55,"column":8},"end":{"line":55,"column":null}},"18":{"start":{"line":59,"column":28},"end":{"line":63,"column":10}},"19":{"start":{"line":65,"column":8},"end":{"line":79,"column":null}},"20":{"start":{"line":9,"column":0},"end":{"line":9,"column":13}}},"fnMap":{"0":{"name":"(anonymous_7)","decl":{"start":{"line":10,"column":4},"end":{"line":10,"column":41}},"loc":{"start":{"line":11,"column":55},"end":{"line":12,"column":9}}},"1":{"name":"(anonymous_8)","decl":{"start":{"line":14,"column":11},"end":{"line":14,"column":17}},"loc":{"start":{"line":14,"column":83},"end":{"line":16,"column":5}}},"2":{"name":"(anonymous_9)","decl":{"start":{"line":18,"column":17},"end":{"line":18,"column":21}},"loc":{"start":{"line":18,"column":46},"end":{"line":29,"column":null}}},"3":{"name":"(anonymous_11)","decl":{"start":{"line":31,"column":17},"end":{"line":31,"column":22}},"loc":{"start":{"line":31,"column":22},"end":{"line":40,"column":null}}},"4":{"name":"(anonymous_13)","decl":{"start":{"line":42,"column":17},"end":{"line":42,"column":32}},"loc":{"start":{"line":42,"column":49},"end":{"line":56,"column":null}}},"5":{"name":"(anonymous_15)","decl":{"start":{"line":58,"column":17},"end":{"line":58,"column":26}},"loc":{"start":{"line":58,"column":37},"end":{"line":80,"column":null}}}},"branchMap":{"0":{"loc":{"start":{"line":34,"column":8},"end":{"line":37,"column":9}},"type":"if","locations":[{"start":{"line":34,"column":8},"end":{"line":37,"column":9}}]},"1":{"loc":{"start":{"line":45,"column":8},"end":{"line":53,"column":9}},"type":"if","locations":[{"start":{"line":45,"column":8},"end":{"line":53,"column":9}}]}},"s":{"0":2,"1":2,"2":3,"3":3,"4":3,"5":1,"6":1,"7":1,"8":1,"9":1,"10":1,"11":1,"12":1,"13":1,"14":1,"15":1,"16":1,"17":1,"18":0,"19":0,"20":2},"f":{"0":3,"1":3,"2":1,"3":1,"4":1,"5":0},"b":{"0":[1],"1":[1]}}
,"/Users/williammoreiradasilva/stone-challenge/src/infra/repository/prisma/user/user-repository.ts": {"path":"/Users/williammoreiradasilva/stone-challenge/src/infra/repository/prisma/user/user-repository.ts","statementMap":{"0":{"start":{"line":2,"column":0},"end":{"line":2,"column":65}},"1":{"start":{"line":7,"column":41},"end":{"line":7,"column":67}},"2":{"start":{"line":10,"column":8},"end":{"line":10,"column":null}},"3":{"start":{"line":14,"column":21},"end":{"line":20,"column":null}},"4":{"start":{"line":22,"column":8},"end":{"line":22,"column":null}},"5":{"start":{"line":26,"column":8},"end":{"line":26,"column":51}},"6":{"start":{"line":30,"column":21},"end":{"line":34,"column":10}},"7":{"start":{"line":36,"column":8},"end":{"line":42,"column":null}},"8":{"start":{"line":46,"column":21},"end":{"line":50,"column":10}},"9":{"start":{"line":52,"column":8},"end":{"line":58,"column":null}},"10":{"start":{"line":6,"column":0},"end":{"line":6,"column":13}}},"fnMap":{"0":{"name":"(anonymous_7)","decl":{"start":{"line":7,"column":4},"end":{"line":7,"column":41}},"loc":{"start":{"line":7,"column":67},"end":{"line":7,"column":72}}},"1":{"name":"(anonymous_8)","decl":{"start":{"line":9,"column":11},"end":{"line":9,"column":17}},"loc":{"start":{"line":9,"column":51},"end":{"line":11,"column":5}}},"2":{"name":"(anonymous_9)","decl":{"start":{"line":13,"column":17},"end":{"line":13,"column":21}},"loc":{"start":{"line":13,"column":32},"end":{"line":23,"column":null}}},"3":{"name":"(anonymous_11)","decl":{"start":{"line":25,"column":17},"end":{"line":25,"column":22}},"loc":{"start":{"line":25,"column":22},"end":{"line":27,"column":null}}},"4":{"name":"(anonymous_13)","decl":{"start":{"line":29,"column":17},"end":{"line":29,"column":29}},"loc":{"start":{"line":29,"column":43},"end":{"line":43,"column":null}}},"5":{"name":"(anonymous_15)","decl":{"start":{"line":45,"column":17},"end":{"line":45,"column":26}},"loc":{"start":{"line":45,"column":37},"end":{"line":59,"column":null}}}},"branchMap":{},"s":{"0":2,"1":4,"2":4,"3":2,"4":2,"5":0,"6":2,"7":2,"8":1,"9":1,"10":2},"f":{"0":4,"1":4,"2":2,"3":0,"4":2,"5":1},"b":{}}
,"/Users/williammoreiradasilva/stone-challenge/src/infra/repository/redis/transaction/redis-client-transaction.ts": {"path":"/Users/williammoreiradasilva/stone-challenge/src/infra/repository/redis/transaction/redis-client-transaction.ts","statementMap":{"0":{"start":{"line":2,"column":0},"end":{"line":2,"column":80}},"1":{"start":{"line":6,"column":41},"end":{"line":6,"column":54}},"2":{"start":{"line":9,"column":8},"end":{"line":9,"column":null}},"3":{"start":{"line":13,"column":27},"end":{"line":13,"column":54}},"4":{"start":{"line":15,"column":8},"end":{"line":22,"column":null}},"5":{"start":{"line":26,"column":8},"end":{"line":33,"column":null}},"6":{"start":{"line":37,"column":44},"end":{"line":37,"column":46}},"7":{"start":{"line":39,"column":8},"end":{"line":47,"column":9}},"8":{"start":{"line":40,"column":31},"end":{"line":40,"column":61}},"9":{"start":{"line":42,"column":28},"end":{"line":42,"column":73}},"10":{"start":{"line":44,"column":32},"end":{"line":44,"column":57}},"11":{"start":{"line":46,"column":12},"end":{"line":46,"column":null}},"12":{"start":{"line":49,"column":8},"end":{"line":49,"column":null}},"13":{"start":{"line":53,"column":24},"end":{"line":53,"column":47}},"14":{"start":{"line":54,"column":21},"end":{"line":54,"column":52}},"15":{"start":{"line":56,"column":28},"end":{"line":56,"column":61}},"16":{"start":{"line":58,"column":8},"end":{"line":58,"column":null}},"17":{"start":{"line":62,"column":8},"end":{"line":68,"column":null}},"18":{"start":{"line":72,"column":8},"end":{"line":72,"column":51}},"19":{"start":{"line":5,"column":0},"end":{"line":5,"column":13}}},"fnMap":{"0":{"name":"(anonymous_7)","decl":{"start":{"line":6,"column":4},"end":{"line":6,"column":41}},"loc":{"start":{"line":6,"column":54},"end":{"line":6,"column":59}}},"1":{"name":"(anonymous_8)","decl":{"start":{"line":8,"column":11},"end":{"line":8,"column":17}},"loc":{"start":{"line":8,"column":38},"end":{"line":10,"column":5}}},"2":{"name":"(anonymous_9)","decl":{"start":{"line":12,"column":17},"end":{"line":12,"column":20}},"loc":{"start":{"line":12,"column":33},"end":{"line":23,"column":null}}},"3":{"name":"(anonymous_11)","decl":{"start":{"line":25,"column":17},"end":{"line":25,"column":21}},"loc":{"start":{"line":25,"column":46},"end":{"line":34,"column":null}}},"4":{"name":"(anonymous_13)","decl":{"start":{"line":36,"column":18},"end":{"line":36,"column":34}},"loc":{"start":{"line":36,"column":49},"end":{"line":50,"column":null}}},"5":{"name":"(anonymous_15)","decl":{"start":{"line":52,"column":17},"end":{"line":52,"column":26}},"loc":{"start":{"line":52,"column":39},"end":{"line":59,"column":null}}},"6":{"name":"(anonymous_17)","decl":{"start":{"line":61,"column":17},"end":{"line":61,"column":23}},"loc":{"start":{"line":61,"column":56},"end":{"line":69,"column":null}}},"7":{"name":"(anonymous_19)","decl":{"start":{"line":71,"column":17},"end":{"line":71,"column":23}},"loc":{"start":{"line":71,"column":36},"end":{"line":73,"column":null}}}},"branchMap":{},"s":{"0":2,"1":2,"2":2,"3":0,"4":0,"5":1,"6":2,"7":2,"8":0,"9":0,"10":0,"11":0,"12":2,"13":2,"14":2,"15":2,"16":2,"17":0,"18":0,"19":2},"f":{"0":2,"1":2,"2":0,"3":1,"4":2,"5":2,"6":0,"7":0},"b":{}}
,"/Users/williammoreiradasilva/stone-challenge/src/infra/service/password/user-password-service.ts": {"path":"/Users/williammoreiradasilva/stone-challenge/src/infra/service/password/user-password-service.ts","statementMap":{"0":{"start":{"line":2,"column":0},"end":{"line":2,"column":27}},"1":{"start":{"line":13,"column":41},"end":{"line":13,"column":65}},"2":{"start":{"line":14,"column":8},"end":{"line":14,"column":62}},"3":{"start":{"line":18,"column":8},"end":{"line":18,"column":null}},"4":{"start":{"line":22,"column":8},"end":{"line":22,"column":52}},"5":{"start":{"line":26,"column":8},"end":{"line":26,"column":51}},"6":{"start":{"line":10,"column":0},"end":{"line":10,"column":13}}},"fnMap":{"0":{"name":"(anonymous_1)","decl":{"start":{"line":13,"column":4},"end":{"line":13,"column":41}},"loc":{"start":{"line":13,"column":65},"end":{"line":15,"column":5}}},"1":{"name":"(anonymous_2)","decl":{"start":{"line":17,"column":11},"end":{"line":17,"column":17}},"loc":{"start":{"line":17,"column":43},"end":{"line":19,"column":5}}},"2":{"name":"(anonymous_3)","decl":{"start":{"line":21,"column":11},"end":{"line":21,"column":19}},"loc":{"start":{"line":21,"column":36},"end":{"line":23,"column":5}}},"3":{"name":"(anonymous_4)","decl":{"start":{"line":25,"column":11},"end":{"line":25,"column":19}},"loc":{"start":{"line":25,"column":51},"end":{"line":27,"column":5}}}},"branchMap":{},"s":{"0":3,"1":4,"2":4,"3":4,"4":4,"5":3,"6":3},"f":{"0":4,"1":4,"2":4,"3":3},"b":{}}
,"/Users/williammoreiradasilva/stone-challenge/src/infra/service/session/user-token-service.ts": {"path":"/Users/williammoreiradasilva/stone-challenge/src/infra/service/session/user-token-service.ts","statementMap":{"0":{"start":{"line":1,"column":0},"end":{"line":1,"column":44}},"1":{"start":{"line":18,"column":41},"end":{"line":18,"column":62}},"2":{"start":{"line":21,"column":8},"end":{"line":21,"column":null}},"3":{"start":{"line":25,"column":22},"end":{"line":34,"column":null}},"4":{"start":{"line":37,"column":8},"end":{"line":37,"column":null}},"5":{"start":{"line":41,"column":26},"end":{"line":41,"column":58}},"6":{"start":{"line":43,"column":8},"end":{"line":47,"column":null}},"7":{"start":{"line":17,"column":0},"end":{"line":17,"column":13}}},"fnMap":{"0":{"name":"(anonymous_0)","decl":{"start":{"line":18,"column":4},"end":{"line":18,"column":41}},"loc":{"start":{"line":18,"column":62},"end":{"line":18,"column":67}}},"1":{"name":"(anonymous_1)","decl":{"start":{"line":20,"column":11},"end":{"line":20,"column":17}},"loc":{"start":{"line":20,"column":58},"end":{"line":22,"column":5}}},"2":{"name":"(anonymous_2)","decl":{"start":{"line":24,"column":11},"end":{"line":24,"column":19}},"loc":{"start":{"line":24,"column":39},"end":{"line":38,"column":5}}},"3":{"name":"(anonymous_3)","decl":{"start":{"line":40,"column":11},"end":{"line":40,"column":19}},"loc":{"start":{"line":40,"column":33},"end":{"line":48,"column":5}}}},"branchMap":{},"s":{"0":3,"1":3,"2":3,"3":3,"4":3,"5":2,"6":2,"7":3},"f":{"0":3,"1":3,"2":3,"3":2},"b":{}}
,"/Users/williammoreiradasilva/stone-challenge/src/infra/service/user/user-domain-service.ts": {"path":"/Users/williammoreiradasilva/stone-challenge/src/infra/service/user/user-domain-service.ts","statementMap":{"0":{"start":{"line":10,"column":23},"end":{"line":10,"column":87}},"1":{"start":{"line":12,"column":20},"end":{"line":12,"column":138}},"2":{"start":{"line":17,"column":8},"end":{"line":17,"column":null}},"3":{"start":{"line":23,"column":8},"end":{"line":23,"column":null}},"4":{"start":{"line":14,"column":0},"end":{"line":14,"column":13}}},"fnMap":{"0":{"name":"(anonymous_0)","decl":{"start":{"line":16,"column":11},"end":{"line":16,"column":17}},"loc":{"start":{"line":16,"column":51},"end":{"line":18,"column":5}}},"1":{"name":"(anonymous_1)","decl":{"start":{"line":21,"column":11},"end":{"line":21,"column":17}},"loc":{"start":{"line":21,"column":45},"end":{"line":24,"column":5}}}},"branchMap":{},"s":{"0":1,"1":1,"2":2,"3":0,"4":1},"f":{"0":2,"1":0},"b":{}}
,"/Users/williammoreiradasilva/stone-challenge/src/usecase/buy/new-buy-usecase.ts": {"path":"/Users/williammoreiradasilva/stone-challenge/src/usecase/buy/new-buy-usecase.ts","statementMap":{"0":{"start":{"line":4,"column":0},"end":{"line":4,"column":73}},"1":{"start":{"line":5,"column":0},"end":{"line":5,"column":74}},"2":{"start":{"line":27,"column":25},"end":{"line":27,"column":66}},"3":{"start":{"line":34,"column":8},"end":{"line":36,"column":null}},"4":{"start":{"line":40,"column":27},"end":{"line":40,"column":178}},"5":{"start":{"line":41,"column":28},"end":{"line":45,"column":null}},"6":{"start":{"line":48,"column":8},"end":{"line":48,"column":null}},"7":{"start":{"line":50,"column":8},"end":{"line":52,"column":null}},"8":{"start":{"line":25,"column":0},"end":{"line":25,"column":13}}},"fnMap":{"0":{"name":"(anonymous_7)","decl":{"start":{"line":26,"column":4},"end":{"line":26,"column":null}},"loc":{"start":{"line":27,"column":66},"end":{"line":28,"column":9}}},"1":{"name":"(anonymous_8)","decl":{"start":{"line":30,"column":11},"end":{"line":30,"column":17}},"loc":{"start":{"line":31,"column":49},"end":{"line":37,"column":5}}},"2":{"name":"(anonymous_9)","decl":{"start":{"line":39,"column":17},"end":{"line":39,"column":21}},"loc":{"start":{"line":39,"column":37},"end":{"line":53,"column":null}}}},"branchMap":{},"s":{"0":1,"1":1,"2":1,"3":1,"4":1,"5":1,"6":1,"7":1,"8":1},"f":{"0":1,"1":1,"2":1},"b":{}}
,"/Users/williammoreiradasilva/stone-challenge/src/usecase/history/fetch-history-usecase.ts": {"path":"/Users/williammoreiradasilva/stone-challenge/src/usecase/history/fetch-history-usecase.ts","statementMap":{"0":{"start":{"line":2,"column":0},"end":{"line":2,"column":48}},"1":{"start":{"line":25,"column":25},"end":{"line":25,"column":66}},"2":{"start":{"line":32,"column":8},"end":{"line":34,"column":null}},"3":{"start":{"line":38,"column":8},"end":{"line":54,"column":9}},"4":{"start":{"line":39,"column":33},"end":{"line":39,"column":73}},"5":{"start":{"line":41,"column":43},"end":{"line":49,"column":14}},"6":{"start":{"line":42,"column":16},"end":{"line":48,"column":null}},"7":{"start":{"line":51,"column":12},"end":{"line":53,"column":null}},"8":{"start":{"line":56,"column":29},"end":{"line":56,"column":99}},"9":{"start":{"line":58,"column":39},"end":{"line":66,"column":10}},"10":{"start":{"line":59,"column":12},"end":{"line":65,"column":null}},"11":{"start":{"line":68,"column":8},"end":{"line":70,"column":null}},"12":{"start":{"line":23,"column":0},"end":{"line":23,"column":13}}},"fnMap":{"0":{"name":"(anonymous_7)","decl":{"start":{"line":24,"column":4},"end":{"line":24,"column":null}},"loc":{"start":{"line":25,"column":66},"end":{"line":26,"column":9}}},"1":{"name":"(anonymous_8)","decl":{"start":{"line":28,"column":11},"end":{"line":28,"column":17}},"loc":{"start":{"line":29,"column":49},"end":{"line":35,"column":5}}},"2":{"name":"(anonymous_9)","decl":{"start":{"line":37,"column":17},"end":{"line":37,"column":21}},"loc":{"start":{"line":37,"column":41},"end":{"line":71,"column":null}}},"3":{"name":"(anonymous_11)","decl":{"start":{"line":41,"column":60},"end":{"line":41,"column":62}},"loc":{"start":{"line":42,"column":16},"end":{"line":48,"column":null}}},"4":{"name":"(anonymous_12)","decl":{"start":{"line":58,"column":56},"end":{"line":58,"column":58}},"loc":{"start":{"line":59,"column":12},"end":{"line":65,"column":null}}}},"branchMap":{"0":{"loc":{"start":{"line":38,"column":8},"end":{"line":54,"column":9}},"type":"if","locations":[{"start":{"line":38,"column":8},"end":{"line":54,"column":9}}]},"1":{"loc":{"start":{"line":56,"column":78},"end":{"line":56,"column":98}},"type":"binary-expr","locations":[{"start":{"line":56,"column":78},"end":{"line":56,"column":92}},{"start":{"line":56,"column":96},"end":{"line":56,"column":98}}]}},"s":{"0":1,"1":2,"2":2,"3":2,"4":1,"5":1,"6":4,"7":1,"8":1,"9":1,"10":2,"11":1,"12":1},"f":{"0":2,"1":2,"2":2,"3":4,"4":2},"b":{"0":[1],"1":[1,0]}}
,"/Users/williammoreiradasilva/stone-challenge/src/usecase/product/create-product-usecase.ts": {"path":"/Users/williammoreiradasilva/stone-challenge/src/usecase/product/create-product-usecase.ts","statementMap":{"0":{"start":{"line":6,"column":0},"end":{"line":6,"column":62}},"1":{"start":{"line":26,"column":25},"end":{"line":26,"column":58}},"2":{"start":{"line":33,"column":8},"end":{"line":35,"column":null}},"3":{"start":{"line":39,"column":24},"end":{"line":39,"column":124}},"4":{"start":{"line":41,"column":8},"end":{"line":41,"column":null}},"5":{"start":{"line":43,"column":8},"end":{"line":45,"column":null}},"6":{"start":{"line":24,"column":0},"end":{"line":24,"column":13}}},"fnMap":{"0":{"name":"(anonymous_7)","decl":{"start":{"line":25,"column":4},"end":{"line":25,"column":null}},"loc":{"start":{"line":26,"column":58},"end":{"line":27,"column":9}}},"1":{"name":"(anonymous_8)","decl":{"start":{"line":29,"column":11},"end":{"line":29,"column":17}},"loc":{"start":{"line":30,"column":41},"end":{"line":36,"column":5}}},"2":{"name":"(anonymous_9)","decl":{"start":{"line":38,"column":17},"end":{"line":38,"column":21}},"loc":{"start":{"line":38,"column":41},"end":{"line":46,"column":null}}}},"branchMap":{},"s":{"0":1,"1":1,"2":1,"3":1,"4":1,"5":1,"6":1},"f":{"0":1,"1":1,"2":1},"b":{}}
,"/Users/williammoreiradasilva/stone-challenge/src/usecase/product/fetch-product-usecase.ts": {"path":"/Users/williammoreiradasilva/stone-challenge/src/usecase/product/fetch-product-usecase.ts","statementMap":{"0":{"start":{"line":6,"column":0},"end":{"line":6,"column":62}},"1":{"start":{"line":32,"column":25},"end":{"line":32,"column":58}},"2":{"start":{"line":39,"column":8},"end":{"line":41,"column":null}},"3":{"start":{"line":45,"column":25},"end":{"line":45,"column":61}},"4":{"start":{"line":47,"column":8},"end":{"line":57,"column":null}},"5":{"start":{"line":48,"column":42},"end":{"line":56,"column":14}},"6":{"start":{"line":30,"column":0},"end":{"line":30,"column":13}}},"fnMap":{"0":{"name":"(anonymous_7)","decl":{"start":{"line":31,"column":4},"end":{"line":31,"column":null}},"loc":{"start":{"line":32,"column":58},"end":{"line":33,"column":9}}},"1":{"name":"(anonymous_8)","decl":{"start":{"line":35,"column":11},"end":{"line":35,"column":17}},"loc":{"start":{"line":36,"column":41},"end":{"line":42,"column":5}}},"2":{"name":"(anonymous_9)","decl":{"start":{"line":44,"column":17},"end":{"line":44,"column":21}},"loc":{"start":{"line":44,"column":41},"end":{"line":58,"column":null}}},"3":{"name":"(anonymous_11)","decl":{"start":{"line":48,"column":35},"end":{"line":48,"column":37}},"loc":{"start":{"line":48,"column":42},"end":{"line":56,"column":14}}}},"branchMap":{},"s":{"0":1,"1":1,"2":1,"3":1,"4":1,"5":2,"6":1},"f":{"0":1,"1":1,"2":1,"3":2},"b":{}}
,"/Users/williammoreiradasilva/stone-challenge/src/usecase/session/check-session-usecase.ts": {"path":"/Users/williammoreiradasilva/stone-challenge/src/usecase/session/check-session-usecase.ts","statementMap":{"0":{"start":{"line":24,"column":25},"end":{"line":24,"column":55}},"1":{"start":{"line":25,"column":25},"end":{"line":25,"column":59}},"2":{"start":{"line":32,"column":8},"end":{"line":32,"column":null}},"3":{"start":{"line":37,"column":30},"end":{"line":37,"column":73}},"4":{"start":{"line":38,"column":8},"end":{"line":41,"column":null}},"5":{"start":{"line":38,"column":38},"end":{"line":41,"column":null}},"6":{"start":{"line":43,"column":21},"end":{"line":43,"column":74}},"7":{"start":{"line":45,"column":46},"end":{"line":49,"column":null}},"8":{"start":{"line":51,"column":8},"end":{"line":54,"column":null}},"9":{"start":{"line":22,"column":0},"end":{"line":22,"column":13}}},"fnMap":{"0":{"name":"(anonymous_7)","decl":{"start":{"line":23,"column":4},"end":{"line":23,"column":null}},"loc":{"start":{"line":25,"column":59},"end":{"line":26,"column":9}}},"1":{"name":"(anonymous_8)","decl":{"start":{"line":28,"column":11},"end":{"line":28,"column":17}},"loc":{"start":{"line":30,"column":42},"end":{"line":33,"column":5}}},"2":{"name":"(anonymous_9)","decl":{"start":{"line":35,"column":17},"end":{"line":35,"column":21}},"loc":{"start":{"line":35,"column":41},"end":{"line":55,"column":null}}}},"branchMap":{"0":{"loc":{"start":{"line":38,"column":8},"end":{"line":41,"column":null}},"type":"if","locations":[{"start":{"line":38,"column":8},"end":{"line":41,"column":null}}]}},"s":{"0":1,"1":1,"2":1,"3":1,"4":1,"5":0,"6":1,"7":1,"8":1,"9":1},"f":{"0":1,"1":1,"2":1},"b":{"0":[0]}}
,"/Users/williammoreiradasilva/stone-challenge/src/usecase/session/login-usecase.ts": {"path":"/Users/williammoreiradasilva/stone-challenge/src/usecase/session/login-usecase.ts","statementMap":{"0":{"start":{"line":21,"column":25},"end":{"line":21,"column":52}},"1":{"start":{"line":22,"column":25},"end":{"line":22,"column":61}},"2":{"start":{"line":23,"column":25},"end":{"line":23,"column":55}},"3":{"start":{"line":32,"column":8},"end":{"line":36,"column":null}},"4":{"start":{"line":40,"column":21},"end":{"line":40,"column":72}},"5":{"start":{"line":41,"column":8},"end":{"line":42,"column":null}},"6":{"start":{"line":42,"column":12},"end":{"line":42,"column":null}},"7":{"start":{"line":44,"column":51},"end":{"line":48,"column":null}},"8":{"start":{"line":50,"column":22},"end":{"line":50,"column":73}},"9":{"start":{"line":52,"column":8},"end":{"line":54,"column":null}},"10":{"start":{"line":19,"column":0},"end":{"line":19,"column":13}}},"fnMap":{"0":{"name":"(anonymous_7)","decl":{"start":{"line":20,"column":4},"end":{"line":20,"column":null}},"loc":{"start":{"line":23,"column":55},"end":{"line":24,"column":9}}},"1":{"name":"(anonymous_8)","decl":{"start":{"line":26,"column":11},"end":{"line":26,"column":17}},"loc":{"start":{"line":29,"column":38},"end":{"line":37,"column":5}}},"2":{"name":"(anonymous_9)","decl":{"start":{"line":39,"column":17},"end":{"line":39,"column":21}},"loc":{"start":{"line":39,"column":39},"end":{"line":55,"column":null}}}},"branchMap":{"0":{"loc":{"start":{"line":41,"column":8},"end":{"line":42,"column":null}},"type":"if","locations":[{"start":{"line":41,"column":8},"end":{"line":42,"column":null}}]}},"s":{"0":1,"1":1,"2":1,"3":1,"4":1,"5":1,"6":0,"7":1,"8":1,"9":1,"10":1},"f":{"0":1,"1":1,"2":1},"b":{"0":[0]}}
}
