TN:
SF:prisma/prisma-client.ts
FN:5,gen_prisma_client
FNF:1
FNH:1
FNDA:6,gen_prisma_client
DA:1,6
DA:3,6
DA:6,6
DA:8,6
DA:13,6
DA:17,6
LF:6
LH:6
BRDA:3,0,0,6
BRDA:3,0,1,0
BRDA:8,1,0,6
BRF:3
BRH:2
end_of_record
TN:
SF:src/domain/entity/product/product.ts
FN:12,(anonymous_0)
FN:14,(anonymous_1)
FN:33,(anonymous_2)
FN:37,(anonymous_3)
FN:49,(anonymous_4)
FN:53,(anonymous_5)
FN:57,(anonymous_6)
FN:60,(anonymous_7)
FN:63,(anonymous_8)
FN:66,(anonymous_9)
FN:69,(anonymous_10)
FNF:11
FNH:11
FNDA:8,(anonymous_0)
FNDA:2,(anonymous_1)
FNDA:6,(anonymous_2)
FNDA:2,(anonymous_3)
FNDA:3,(anonymous_4)
FNDA:4,(anonymous_5)
FNDA:4,(anonymous_6)
FNDA:4,(anonymous_7)
FNDA:4,(anonymous_8)
FNDA:4,(anonymous_9)
FNDA:4,(anonymous_10)
DA:11,3
DA:12,8
DA:22,2
DA:34,6
DA:38,2
DA:40,2
DA:41,4
DA:43,4
DA:46,2
DA:50,3
DA:54,4
DA:58,4
DA:61,4
DA:64,4
DA:67,4
DA:70,4
LF:16
LH:16
BRF:0
BRH:0
end_of_record
TN:
SF:src/domain/entity/transaction/credit-card.ts
FN:12,(anonymous_0)
FN:14,(anonymous_1)
FN:31,(anonymous_2)
FN:35,(anonymous_3)
FN:48,(anonymous_4)
FN:51,(anonymous_5)
FN:54,(anonymous_6)
FN:57,(anonymous_7)
FN:60,(anonymous_8)
FNF:9
FNH:7
FNDA:3,(anonymous_0)
FNDA:3,(anonymous_1)
FNDA:0,(anonymous_2)
FNDA:0,(anonymous_3)
FNDA:3,(anonymous_4)
FNDA:1,(anonymous_5)
FNDA:1,(anonymous_6)
FNDA:1,(anonymous_7)
FNDA:1,(anonymous_8)
DA:11,4
DA:12,3
DA:21,3
DA:32,0
DA:36,0
DA:38,0
DA:39,0
DA:41,0
DA:44,0
DA:49,3
DA:52,1
DA:55,1
DA:58,1
DA:61,1
LF:14
LH:8
BRF:0
BRH:0
end_of_record
TN:
SF:src/domain/entity/transaction/transaction.ts
FN:13,(anonymous_0)
FN:15,(anonymous_1)
FN:31,(anonymous_2)
FN:36,(anonymous_3)
FN:48,(anonymous_4)
FN:52,(anonymous_5)
FN:66,(anonymous_6)
FN:70,(anonymous_7)
FN:74,(anonymous_8)
FN:78,(anonymous_9)
FN:82,(anonymous_10)
FN:86,(anonymous_11)
FNF:12
FNH:11
FNDA:10,(anonymous_0)
FNDA:2,(anonymous_1)
FNDA:8,(anonymous_2)
FNDA:0,(anonymous_3)
FNDA:8,(anonymous_4)
FNDA:3,(anonymous_5)
FNDA:9,(anonymous_6)
FNDA:12,(anonymous_7)
FNDA:5,(anonymous_8)
FNDA:11,(anonymous_9)
FNDA:8,(anonymous_10)
FNDA:10,(anonymous_11)
DA:12,3
DA:13,10
DA:21,2
DA:32,8
DA:33,8
DA:37,0
DA:39,0
DA:40,0
DA:42,0
DA:45,0
DA:49,8
DA:53,3
DA:55,3
DA:56,8
DA:58,8
DA:60,8
DA:63,3
DA:67,9
DA:71,12
DA:75,5
DA:79,11
DA:83,8
DA:87,10
LF:23
LH:18
BRF:0
BRH:0
end_of_record
TN:
SF:src/domain/entity/user/user.ts
FN:17,(anonymous_0)
FN:21,(anonymous_1)
FN:37,(anonymous_2)
FN:41,(anonymous_3)
FN:48,(anonymous_4)
FN:52,(anonymous_5)
FN:56,(anonymous_6)
FN:60,(anonymous_7)
FN:64,(anonymous_8)
FNF:9
FNH:9
FNDA:9,(anonymous_0)
FNDA:6,(anonymous_1)
FNDA:3,(anonymous_2)
FNDA:9,(anonymous_3)
FNDA:5,(anonymous_4)
FNDA:6,(anonymous_5)
FNDA:2,(anonymous_6)
FNDA:3,(anonymous_7)
FNDA:6,(anonymous_8)
DA:1,3
DA:13,3
DA:15,3
DA:17,9
DA:18,9
DA:27,6
DA:38,3
DA:42,9
DA:43,2
DA:49,5
DA:53,6
DA:57,2
DA:61,3
DA:65,6
LF:14
LH:14
BRDA:42,0,0,2
BRDA:42,1,0,9
BRDA:42,1,1,9
BRF:3
BRH:3
end_of_record
TN:
SF:src/domain/exceptions/InvalidEntity.ts
FN:2,(anonymous_0)
FNF:1
FNH:1
FNDA:2,(anonymous_0)
DA:1,3
DA:2,2
DA:3,2
DA:4,2
LF:4
LH:4
BRF:0
BRH:0
end_of_record
TN:
SF:src/helper/function.ts
FN:1,(anonymous_0)
FNF:1
FNH:1
FNDA:2,(anonymous_0)
DA:1,2
LF:1
LH:1
BRDA:1,0,0,2
BRDA:1,0,1,1
BRDA:1,0,2,1
BRDA:1,1,0,2
BRDA:1,1,1,1
BRDA:1,2,0,1
BRDA:1,2,1,0
BRDA:1,3,0,1
BRDA:1,3,1,1
BRDA:1,4,0,1
BRDA:1,4,1,0
BRDA:1,5,0,1
BRDA:1,5,1,1
BRF:13
BRH:11
end_of_record
TN:
SF:src/infra/repository/prisma/product/product-repository.ts
FN:11,(anonymous_7)
FN:14,(anonymous_8)
FN:18,(anonymous_9)
FN:31,(anonymous_11)
FNF:4
FNH:4
FNDA:2,(anonymous_7)
FNDA:2,(anonymous_8)
FNDA:1,(anonymous_9)
FNDA:1,(anonymous_11)
DA:7,2
DA:10,2
DA:11,2
DA:15,2
DA:19,1
DA:28,1
DA:32,1
DA:34,1
LF:8
LH:8
BRF:0
BRH:0
end_of_record
TN:
SF:src/infra/repository/prisma/transaction/transaction-repository.ts
FN:10,(anonymous_7)
FN:14,(anonymous_8)
FN:18,(anonymous_9)
FN:31,(anonymous_11)
FN:42,(anonymous_13)
FN:58,(anonymous_15)
FNF:6
FNH:5
FNDA:3,(anonymous_7)
FNDA:3,(anonymous_8)
FNDA:1,(anonymous_9)
FNDA:1,(anonymous_11)
FNDA:1,(anonymous_13)
FNDA:0,(anonymous_15)
DA:3,2
DA:5,2
DA:9,2
DA:10,3
DA:11,3
DA:15,3
DA:19,1
DA:27,1
DA:28,1
DA:32,1
DA:34,1
DA:35,1
DA:36,1
DA:39,1
DA:43,1
DA:45,1
DA:46,1
DA:52,1
DA:55,1
DA:59,0
DA:65,0
LF:21
LH:19
BRDA:34,0,0,1
BRDA:45,1,0,1
BRF:2
BRH:2
end_of_record
TN:
SF:src/infra/repository/prisma/user/user-repository.ts
FN:7,(anonymous_7)
FN:9,(anonymous_8)
FN:13,(anonymous_9)
FN:25,(anonymous_11)
FN:29,(anonymous_13)
FN:45,(anonymous_15)
FNF:6
FNH:5
FNDA:4,(anonymous_7)
FNDA:4,(anonymous_8)
FNDA:2,(anonymous_9)
FNDA:0,(anonymous_11)
FNDA:2,(anonymous_13)
FNDA:1,(anonymous_15)
DA:2,2
DA:6,2
DA:7,4
DA:10,4
DA:14,2
DA:22,2
DA:26,0
DA:30,2
DA:36,2
DA:46,1
DA:52,1
LF:11
LH:10
BRF:0
BRH:0
end_of_record
TN:
SF:src/infra/repository/redis/transaction/redis-client-transaction.ts
FN:6,(anonymous_7)
FN:8,(anonymous_8)
FN:12,(anonymous_9)
FN:25,(anonymous_11)
FN:36,(anonymous_13)
FN:52,(anonymous_15)
FN:61,(anonymous_17)
FN:71,(anonymous_19)
FNF:8
FNH:5
FNDA:2,(anonymous_7)
FNDA:2,(anonymous_8)
FNDA:0,(anonymous_9)
FNDA:1,(anonymous_11)
FNDA:2,(anonymous_13)
FNDA:2,(anonymous_15)
FNDA:0,(anonymous_17)
FNDA:0,(anonymous_19)
DA:2,2
DA:5,2
DA:6,2
DA:9,2
DA:13,0
DA:15,0
DA:26,1
DA:37,2
DA:39,2
DA:40,0
DA:42,0
DA:44,0
DA:46,0
DA:49,2
DA:53,2
DA:54,2
DA:56,2
DA:58,2
DA:62,0
DA:72,0
LF:20
LH:12
BRF:0
BRH:0
end_of_record
TN:
SF:src/infra/service/password/user-password-service.ts
FN:13,(anonymous_1)
FN:17,(anonymous_2)
FN:21,(anonymous_3)
FN:25,(anonymous_4)
FNF:4
FNH:4
FNDA:4,(anonymous_1)
FNDA:4,(anonymous_2)
FNDA:4,(anonymous_3)
FNDA:3,(anonymous_4)
DA:2,3
DA:10,3
DA:13,4
DA:14,4
DA:18,4
DA:22,4
DA:26,3
LF:7
LH:7
BRF:0
BRH:0
end_of_record
TN:
SF:src/infra/service/session/user-token-service.ts
FN:18,(anonymous_0)
FN:20,(anonymous_1)
FN:24,(anonymous_2)
FN:40,(anonymous_3)
FNF:4
FNH:4
FNDA:3,(anonymous_0)
FNDA:3,(anonymous_1)
FNDA:3,(anonymous_2)
FNDA:2,(anonymous_3)
DA:1,3
DA:17,3
DA:18,3
DA:21,3
DA:25,3
DA:37,3
DA:41,2
DA:43,2
LF:8
LH:8
BRF:0
BRH:0
end_of_record
TN:
SF:src/infra/service/user/user-domain-service.ts
FN:16,(anonymous_0)
FN:21,(anonymous_1)
FNF:2
FNH:1
FNDA:2,(anonymous_0)
FNDA:0,(anonymous_1)
DA:10,1
DA:12,1
DA:14,1
DA:17,2
DA:23,0
LF:5
LH:4
BRF:0
BRH:0
end_of_record
TN:
SF:src/usecase/buy/new-buy-usecase.ts
FN:26,(anonymous_7)
FN:30,(anonymous_8)
FN:39,(anonymous_9)
FNF:3
FNH:3
FNDA:1,(anonymous_7)
FNDA:1,(anonymous_8)
FNDA:1,(anonymous_9)
DA:4,1
DA:5,1
DA:25,1
DA:27,1
DA:34,1
DA:40,1
DA:41,1
DA:48,1
DA:50,1
LF:9
LH:9
BRF:0
BRH:0
end_of_record
TN:
SF:src/usecase/history/fetch-history-usecase.ts
FN:24,(anonymous_7)
FN:28,(anonymous_8)
FN:37,(anonymous_9)
FN:41,(anonymous_11)
FN:58,(anonymous_12)
FNF:5
FNH:5
FNDA:2,(anonymous_7)
FNDA:2,(anonymous_8)
FNDA:2,(anonymous_9)
FNDA:4,(anonymous_11)
FNDA:2,(anonymous_12)
DA:2,1
DA:23,1
DA:25,2
DA:32,2
DA:38,2
DA:39,1
DA:41,1
DA:42,4
DA:51,1
DA:56,1
DA:58,1
DA:59,2
DA:68,1
LF:13
LH:13
BRDA:38,0,0,1
BRDA:56,1,0,1
BRDA:56,1,1,0
BRF:3
BRH:2
end_of_record
TN:
SF:src/usecase/product/create-product-usecase.ts
FN:25,(anonymous_7)
FN:29,(anonymous_8)
FN:38,(anonymous_9)
FNF:3
FNH:3
FNDA:1,(anonymous_7)
FNDA:1,(anonymous_8)
FNDA:1,(anonymous_9)
DA:6,1
DA:24,1
DA:26,1
DA:33,1
DA:39,1
DA:41,1
DA:43,1
LF:7
LH:7
BRF:0
BRH:0
end_of_record
TN:
SF:src/usecase/product/fetch-product-usecase.ts
FN:31,(anonymous_7)
FN:35,(anonymous_8)
FN:44,(anonymous_9)
FN:48,(anonymous_11)
FNF:4
FNH:4
FNDA:1,(anonymous_7)
FNDA:1,(anonymous_8)
FNDA:1,(anonymous_9)
FNDA:2,(anonymous_11)
DA:6,1
DA:30,1
DA:32,1
DA:39,1
DA:45,1
DA:47,1
DA:48,2
LF:7
LH:7
BRF:0
BRH:0
end_of_record
TN:
SF:src/usecase/session/check-session-usecase.ts
FN:23,(anonymous_7)
FN:28,(anonymous_8)
FN:35,(anonymous_9)
FNF:3
FNH:3
FNDA:1,(anonymous_7)
FNDA:1,(anonymous_8)
FNDA:1,(anonymous_9)
DA:22,1
DA:24,1
DA:25,1
DA:32,1
DA:37,1
DA:38,1
DA:43,1
DA:45,1
DA:51,1
LF:9
LH:9
BRDA:38,0,0,0
BRF:1
BRH:0
end_of_record
TN:
SF:src/usecase/session/login-usecase.ts
FN:20,(anonymous_7)
FN:26,(anonymous_8)
FN:39,(anonymous_9)
FNF:3
FNH:3
FNDA:1,(anonymous_7)
FNDA:1,(anonymous_8)
FNDA:1,(anonymous_9)
DA:19,1
DA:21,1
DA:22,1
DA:23,1
DA:32,1
DA:40,1
DA:41,1
DA:42,0
DA:44,1
DA:50,1
DA:52,1
LF:11
LH:10
BRDA:41,0,0,0
BRF:1
BRH:0
end_of_record
